<?xml version="1.0" encoding="UTF-8"?>
<!-- Generated by org.testng.reporters.JUnitReportReporter -->
<testsuite hostname="DESKTOP-UKR1R2B" failures="0" tests="1" name="TransPerfectProject.TransPerfect.Task5_MultiSelectField" time="2.238" errors="0" timestamp="2025-07-02T09:21:09 CEST" skipped="0">
  <testcase classname="TransPerfectProject.TransPerfect.Task5_MultiSelectField" name="task5_multiSelect" time="2.238"/>
</testsuite> <!-- TransPerfectProject.TransPerfect.Task5_MultiSelectField -->
