<?xml version="1.0" encoding="UTF-8"?>
<!-- Generated by org.testng.reporters.JUnitReportReporter -->
<testsuite hostname="DESKTOP-UKR1R2B" failures="0" tests="1" name="TransPerfectProject.TransPerfect.Task3_Employees" time="6.632" errors="0" timestamp="2025-07-02T08:41:55 CEST" skipped="0">
  <testcase classname="TransPerfectProject.TransPerfect.Task3_Employees" name="task3_Employees" time="6.632"/>
</testsuite> <!-- TransPerfectProject.TransPerfect.Task3_Employees -->
