<?xml version="1.0" encoding="UTF-8"?>
<!-- Generated by org.testng.reporters.JUnitReportReporter -->
<testsuite hostname="DESKTOP-UKR1R2B" failures="0" tests="1" name="TransPerfectProject.TransPerfect.Task2_OpenWindowButton" time="1.361" errors="0" timestamp="2025-07-02T08:18:24 CEST" skipped="0">
  <testcase classname="TransPerfectProject.TransPerfect.Task2_OpenWindowButton" name="task2_openWindow" time="1.361"/>
</testsuite> <!-- TransPerfectProject.TransPerfect.Task2_OpenWindowButton -->
