<?xml version="1.0" encoding="UTF-8"?>
<!-- Generated by org.testng.reporters.JUnitReportReporter -->
<testsuite hostname="DESKTOP-UKR1R2B" failures="0" tests="1" name="TransPerfectProject.TransPerfect.Task4_AutoCompleteField" time="1.461" errors="0" timestamp="2025-07-02T08:53:56 CEST" skipped="0">
  <testcase classname="TransPerfectProject.TransPerfect.Task4_AutoCompleteField" name="Task4_autoCompleteField" time="1.461"/>
</testsuite> <!-- TransPerfectProject.TransPerfect.Task4_AutoCompleteField -->
